Flow report for AmpModulator
Thu Sep 07 19:08:13 2023
Quartus Prime Version 18.1.0 Build 625 09/12/2018 SJ Lite Edition


---------------------
; Table of Contents ;
---------------------
  1. Legal Notice
  2. Flow Summary
  3. Flow Settings
  4. Flow Non-Default Global Settings
  5. Flow Elapsed Time
  6. Flow OS Summary
  7. Flow Log
  8. Flow Messages
  9. Flow Suppressed Messages



----------------
; Legal Notice ;
----------------
Copyright (C) 2018  Intel Corporation. All rights reserved.
Your use of Intel Corporation's design tools, logic functions 
and other software and tools, and its AMPP partner logic 
functions, and any output files from any of the foregoing 
(including device programming or simulation files), and any 
associated documentation or information are expressly subject 
to the terms and conditions of the Intel Program License 
Subscription Agreement, the Intel Quartus Prime License Agreement,
the Intel FPGA IP License Agreement, or other applicable license
agreement, including, without limitation, that your use is for
the sole purpose of programming logic devices manufactured by
Intel and sold by Intel or its authorized distributors.  Please
refer to the applicable agreement for further details.



+----------------------------------------------------------------------------------+
; Flow Summary                                                                     ;
+------------------------------------+---------------------------------------------+
; Flow Status                        ; Successful - Thu Sep 07 19:08:13 2023       ;
; Quartus Prime Version              ; 18.1.0 Build 625 09/12/2018 SJ Lite Edition ;
; Revision Name                      ; AmpModulator                                ;
; Top-level Entity Name              ; top                                         ;
; Family                             ; Cyclone IV E                                ;
; Device                             ; EP4CE6E22C8                                 ;
; Timing Models                      ; Final                                       ;
; Total logic elements               ; 4,886 / 6,272 ( 78 % )                      ;
;     Total combinational functions  ; 2,505 / 6,272 ( 40 % )                      ;
;     Dedicated logic registers      ; 4,724 / 6,272 ( 75 % )                      ;
; Total registers                    ; 4724                                        ;
; Total pins                         ; 77 / 92 ( 84 % )                            ;
; Total virtual pins                 ; 0                                           ;
; Total memory bits                  ; 0 / 276,480 ( 0 % )                         ;
; Embedded Multiplier 9-bit elements ; 0 / 30 ( 0 % )                              ;
; Total PLLs                         ; 1 / 2 ( 50 % )                              ;
+------------------------------------+---------------------------------------------+


+-----------------------------------------+
; Flow Settings                           ;
+-------------------+---------------------+
; Option            ; Setting             ;
+-------------------+---------------------+
; Start date & time ; 09/07/2023 19:07:14 ;
; Main task         ; Compilation         ;
; Revision Name     ; AmpModulator        ;
+-------------------+---------------------+


+------------------------------------------------------------------------------------------------------------------------------+
; Flow Non-Default Global Settings                                                                                             ;
+--------------------------------------+----------------------------------------+---------------+-------------+----------------+
; Assignment Name                      ; Value                                  ; Default Value ; Entity Name ; Section Id     ;
+--------------------------------------+----------------------------------------+---------------+-------------+----------------+
; COMPILER_SIGNATURE_ID                ; 168119038533407.169411003418976        ; --            ; --          ; --             ;
; EDA_DESIGN_INSTANCE_NAME             ; NA                                     ; --            ; --          ; output_tb      ;
; EDA_DESIGN_INSTANCE_NAME             ; NA                                     ; --            ; --          ; holo_tb        ;
; EDA_NATIVELINK_SIMULATION_TEST_BENCH ; holo_tb                                ; --            ; --          ; eda_simulation ;
; EDA_OUTPUT_DATA_FORMAT               ; Vhdl                                   ; --            ; --          ; eda_simulation ;
; EDA_SIMULATION_TOOL                  ; ModelSim-Altera (VHDL)                 ; <None>        ; --          ; --             ;
; EDA_TEST_BENCH_ENABLE_STATUS         ; TEST_BENCH_MODE                        ; --            ; --          ; eda_simulation ;
; EDA_TEST_BENCH_FILE                  ; output_tb.vhd                          ; --            ; --          ; output_tb      ;
; EDA_TEST_BENCH_FILE                  ; holo_tb.vhd                            ; --            ; --          ; holo_tb        ;
; EDA_TEST_BENCH_MODULE_NAME           ; output_tb                              ; --            ; --          ; output_tb      ;
; EDA_TEST_BENCH_MODULE_NAME           ; holo_tb                                ; --            ; --          ; holo_tb        ;
; EDA_TEST_BENCH_NAME                  ; output_tb                              ; --            ; --          ; eda_simulation ;
; EDA_TEST_BENCH_NAME                  ; holo_tb                                ; --            ; --          ; eda_simulation ;
; EDA_TEST_BENCH_RUN_SIM_FOR           ; 500 ms                                 ; --            ; --          ; output_tb      ;
; EDA_TEST_BENCH_RUN_SIM_FOR           ; 1 ms                                   ; --            ; --          ; holo_tb        ;
; EDA_TIME_SCALE                       ; 1 ps                                   ; --            ; --          ; eda_simulation ;
; MAX_CORE_JUNCTION_TEMP               ; 85                                     ; --            ; --          ; --             ;
; MIN_CORE_JUNCTION_TEMP               ; 0                                      ; --            ; --          ; --             ;
; MISC_FILE                            ; src/Masterclock_inst.vhd               ; --            ; --          ; --             ;
; MISC_FILE                            ; src/Masterclock.inc                    ; --            ; --          ; --             ;
; MISC_FILE                            ; src/Masterclock.cmp                    ; --            ; --          ; --             ;
; MISC_FILE                            ; src/Masterclock.ppf                    ; --            ; --          ; --             ;
; NUM_PARALLEL_PROCESSORS              ; All                                    ; --            ; --          ; --             ;
; OUTPUT_IO_TIMING_FAR_END_VMEAS       ; Half Signal Swing                      ; --            ; --          ; --             ;
; OUTPUT_IO_TIMING_FAR_END_VMEAS       ; Half Signal Swing                      ; --            ; --          ; --             ;
; OUTPUT_IO_TIMING_NEAR_END_VMEAS      ; Half Vccio                             ; --            ; --          ; --             ;
; OUTPUT_IO_TIMING_NEAR_END_VMEAS      ; Half Vccio                             ; --            ; --          ; --             ;
; PARTITION_COLOR                      ; -- (Not supported for targeted family) ; --            ; top         ; Top            ;
; PARTITION_FITTER_PRESERVATION_LEVEL  ; -- (Not supported for targeted family) ; --            ; top         ; Top            ;
; PARTITION_NETLIST_TYPE               ; -- (Not supported for targeted family) ; --            ; top         ; Top            ;
; POWER_BOARD_THERMAL_MODEL            ; None (CONSERVATIVE)                    ; --            ; --          ; --             ;
; POWER_PRESET_COOLING_SOLUTION        ; 23 MM HEAT SINK WITH 200 LFPM AIRFLOW  ; --            ; --          ; --             ;
; PROJECT_OUTPUT_DIRECTORY             ; output_files                           ; --            ; --          ; --             ;
; SMART_RECOMPILE                      ; On                                     ; Off           ; --          ; --             ;
; TOP_LEVEL_ENTITY                     ; top                                    ; AmpModulator  ; --          ; --             ;
+--------------------------------------+----------------------------------------+---------------+-------------+----------------+


+--------------------------------------------------------------------------------------------------------------------------+
; Flow Elapsed Time                                                                                                        ;
+----------------------+--------------+-------------------------+---------------------+------------------------------------+
; Module Name          ; Elapsed Time ; Average Processors Used ; Peak Virtual Memory ; Total CPU Time (on all processors) ;
+----------------------+--------------+-------------------------+---------------------+------------------------------------+
; Analysis & Synthesis ; 00:00:17     ; 1.0                     ; 4836 MB             ; 00:00:14                           ;
; Fitter               ; 00:00:18     ; 1.2                     ; 5664 MB             ; 00:00:12                           ;
; Assembler            ; 00:00:02     ; 1.0                     ; 4688 MB             ; 00:00:01                           ;
; Timing Analyzer      ; 00:00:07     ; 1.2                     ; 4818 MB             ; 00:00:03                           ;
; EDA Netlist Writer   ; 00:00:07     ; 1.0                     ; 4680 MB             ; 00:00:04                           ;
; Total                ; 00:00:51     ; --                      ; --                  ; 00:00:34                           ;
+----------------------+--------------+-------------------------+---------------------+------------------------------------+


+------------------------------------------------------------------------------------+
; Flow OS Summary                                                                    ;
+----------------------+------------------+------------+------------+----------------+
; Module Name          ; Machine Hostname ; OS Name    ; OS Version ; Processor type ;
+----------------------+------------------+------------+------------+----------------+
; Analysis & Synthesis ; DESKTOP-SPURE0F  ; Windows 10 ; 10.0       ; x86_64         ;
; Fitter               ; DESKTOP-SPURE0F  ; Windows 10 ; 10.0       ; x86_64         ;
; Assembler            ; DESKTOP-SPURE0F  ; Windows 10 ; 10.0       ; x86_64         ;
; Timing Analyzer      ; DESKTOP-SPURE0F  ; Windows 10 ; 10.0       ; x86_64         ;
; EDA Netlist Writer   ; DESKTOP-SPURE0F  ; Windows 10 ; 10.0       ; x86_64         ;
+----------------------+------------------+------------+------------+----------------+


------------
; Flow Log ;
------------
quartus_map --read_settings_files=on --write_settings_files=off AmpModulator -c AmpModulator
quartus_fit --read_settings_files=off --write_settings_files=off AmpModulator -c AmpModulator
quartus_asm --read_settings_files=off --write_settings_files=off AmpModulator -c AmpModulator
quartus_sta AmpModulator -c AmpModulator
quartus_eda --read_settings_files=off --write_settings_files=off AmpModulator -c AmpModulator



